<?xml version="1.0" encoding="UTF-8"?>
<!-- Generated by org.testng.reporters.JUnitReportReporter -->
<testsuite hostname="DESKTOP-OHDEI5U" failures="0" tests="1" name="com.boratest.appiumdemo.ViewText" time="8.139" errors="0" timestamp="2025-08-01T12:01:15 EDT" skipped="0">
  <testcase classname="com.boratest.appiumdemo.ViewText" name="textTest" time="8.139"/>
</testsuite> <!-- com.boratest.appiumdemo.ViewText -->
