<?xml version="1.0" encoding="UTF-8"?>
<!-- Generated by org.testng.reporters.JUnitReportReporter -->
<testsuite hostname="DESKTOP-OHDEI5U" failures="0" tests="1" name="com.boratest.appiumdemo.WifiSettingsTest" time="17.481" errors="0" timestamp="2025-08-01T13:59:11 EDT" skipped="0">
  <testcase classname="com.boratest.appiumdemo.WifiSettingsTest" name="setWifiTest" time="17.481"/>
</testsuite> <!-- com.boratest.appiumdemo.WifiSettingsTest -->
