<?xml version="1.0" encoding="UTF-8"?>
<!-- Generated by org.testng.reporters.JUnitReportReporter -->
<testsuite hostname="DESKTOP-OHDEI5U" failures="0" tests="1" name="com.boratest.appiumdemo.ScrollTest" time="17.940" errors="0" timestamp="2025-08-01T11:58:07 EDT" skipped="0">
  <testcase classname="com.boratest.appiumdemo.ScrollTest" name="scrollTest" time="17.940"/>
</testsuite> <!-- com.boratest.appiumdemo.ScrollTest -->
