<?xml version="1.0" encoding="UTF-8"?>
<!-- Generated by org.testng.reporters.JUnitReportReporter -->
<testsuite hostname="DESKTOP-OHDEI5U" failures="0" tests="1" name="com.boratest.appiumdemo.SwipeGestureTest" time="14.202" errors="0" timestamp="2025-08-01T13:52:56 EDT" skipped="0">
  <testcase classname="com.boratest.appiumdemo.SwipeGestureTest" name="swipeTest" time="14.202"/>
</testsuite> <!-- com.boratest.appiumdemo.SwipeGestureTest -->
