<?xml version="1.0" encoding="UTF-8"?>
<!-- Generated by org.testng.reporters.JUnitReportReporter -->
<testsuite hostname="DESKTOP-OHDEI5U" failures="0" tests="1" name="com.boratest.appiumdemo.Base" time="15.596" errors="0" timestamp="2025-07-28T14:50:54 EDT" skipped="0">
  <testcase classname="com.boratest.appiumdemo.Base" name="configureAppium" time="15.596"/>
</testsuite> <!-- com.boratest.appiumdemo.Base -->
