<?xml version="1.0" encoding="UTF-8"?>
<!-- Generated by org.testng.reporters.JUnitReportReporter -->
<testsuite hostname="DESKTOP-OHDEI5U" failures="0" tests="1" name="com.boratest.Appium.Base" time="25.328" errors="0" timestamp="2025-07-25T13:21:07 EDT" skipped="0">
  <testcase classname="com.boratest.Appium.Base" name="configureAppium" time="25.328"/>
</testsuite> <!-- com.boratest.Appium.Base -->
