<?xml version="1.0" encoding="UTF-8"?>
<!-- Generated by org.testng.reporters.JUnitReportReporter -->
<testsuite hostname="DESKTOP-OHDEI5U" failures="0" tests="1" name="com.codenbox.Appium.Longpress" time="14.211" errors="0" timestamp="2025-06-25T12:43:29 EDT" skipped="0">
  <testcase classname="com.codenbox.Appium.Longpress" name="longpresTest" time="14.211"/>
</testsuite> <!-- com.codenbox.Appium.Longpress -->
