<?xml version="1.0" encoding="UTF-8"?>
<!-- Generated by org.testng.reporters.JUnitReportReporter -->
<testsuite hostname="DESKTOP-OHDEI5U" failures="0" tests="1" name="com.codenbox.Appium.Baseclass" time="28.741" errors="0" timestamp="2025-06-21T20:20:42 EDT" skipped="0">
  <testcase classname="com.codenbox.Appium.Baseclass" name="configureAppium" time="28.741"/>
</testsuite> <!-- com.codenbox.Appium.Baseclass -->
