<?xml version="1.0" encoding="UTF-8"?>
<!-- Generated by org.testng.reporters.JUnitReportReporter -->
<testsuite hostname="DESKTOP-OHDEI5U" failures="0" tests="1" name="com.codenbox.Appium.ViewText" time="8.352" errors="0" timestamp="2025-06-25T11:25:08 EDT" skipped="0">
  <testcase classname="com.codenbox.Appium.ViewText" name="TextTest" time="8.352"/>
</testsuite> <!-- com.codenbox.Appium.ViewText -->
