<?xml version="1.0" encoding="UTF-8"?>
<!-- Generated by org.testng.reporters.JUnitReportReporter -->
<testsuite hostname="DESKTOP-OHDEI5U" failures="0" tests="1" name="com.boratest.appiumdemo.ViewButtonTextTest" time="8.783" errors="0" timestamp="2025-08-01T13:57:35 EDT" skipped="0">
  <testcase classname="com.boratest.appiumdemo.ViewButtonTextTest" name="textTest" time="8.783"/>
</testsuite> <!-- com.boratest.appiumdemo.ViewButtonTextTest -->
