<?xml version="1.0" encoding="UTF-8"?>
<!-- Generated by org.testng.reporters.JUnitReportReporter -->
<testsuite hostname="DESKTOP-OHDEI5U" failures="0" tests="1" name="com.boratest.appiumdemo.LongpressGestureTest" time="21.081" errors="0" timestamp="2025-08-01T12:08:11 EDT" skipped="0">
  <testcase classname="com.boratest.appiumdemo.LongpressGestureTest" name="testLongClickGesture" time="21.081"/>
</testsuite> <!-- com.boratest.appiumdemo.LongpressGestureTest -->
