<?xml version="1.0" encoding="UTF-8"?>
<!-- Generated by org.testng.reporters.JUnitReportReporter -->
<testsuite hostname="DESKTOP-OHDEI5U" failures="0" tests="1" name="com.boratest.appiumdemo.LongpressTest" time="15.231" errors="0" timestamp="2025-07-31T14:04:30 EDT" skipped="0">
  <testcase classname="com.boratest.appiumdemo.LongpressTest" name="testLongClickGesture" time="15.231"/>
</testsuite> <!-- com.boratest.appiumdemo.LongpressTest -->
