<?xml version="1.0" encoding="UTF-8"?>
<!-- Generated by org.testng.reporters.JUnitReportReporter -->
<testsuite hostname="DESKTOP-OHDEI5U" failures="0" tests="1" name="com.boratest.appiumdemo.SetWifi" time="17.672" errors="0" timestamp="2025-08-01T12:02:45 EDT" skipped="0">
  <testcase classname="com.boratest.appiumdemo.SetWifi" name="setwifiTest" time="17.672"/>
</testsuite> <!-- com.boratest.appiumdemo.SetWifi -->
