<?xml version="1.0" encoding="UTF-8"?>
<!-- Generated by org.testng.reporters.JUnitReportReporter -->
<testsuite hostname="DESKTOP-OHDEI5U" failures="0" tests="1" name="com.boratest.appiumdemo.ScrollGestureTest" time="16.111" errors="0" timestamp="2025-08-01T13:54:35 EDT" skipped="0">
  <testcase classname="com.boratest.appiumdemo.ScrollGestureTest" name="scrollTest" time="16.111"/>
</testsuite> <!-- com.boratest.appiumdemo.ScrollGestureTest -->
